Starting timestamp: 2/13/2025 1:59:09 AM
[INFO]: Start TestCase TS1
[INFO]: Opening Browser "Chrome"
[INFO]: Browser Chrome Opened
[INFO]: Navigating to URL "https://www.google.com/"
[INFO]: Typing "Test Automation" in Element "Home_xpath_txt_searchbox"
[INFO]: WaitUntilClickable ..
[ERROR]: Failed WaitUntilClickable | Exception: Timed out after 20 seconds
[INFO]: Waiting "2" seconds
[INFO]: InputByDriver ..
[INFO]: Not able to InputByDriver | Exception: no such element: Unable to locate element: {"method":"xpath","selector":"//input[contains(@name,'q')]"}
  (Session info: chrome=133.0.6943.99); For documentation on this error, please visit: https://www.selenium.dev/documentation/webdriver/troubleshooting/errors#no-such-element-exception
[INFO]: InputByJavascript ..
[INFO]: Not able to InputByJavascript | Exception: no such element: Unable to locate element: {"method":"xpath","selector":"//input[contains(@name,'q')]"}
  (Session info: chrome=133.0.6943.99); For documentation on this error, please visit: https://www.selenium.dev/documentation/webdriver/troubleshooting/errors#no-such-element-exception
[ERROR]: Failed InputByDriver and InputByJavascript
[INFO]: Closing Browser 
[INFO]: Browser Closed
[INFO]: Clicking on Element "Home_name_btn_googlesearch"
[INFO]: WaitUntilClickable ..
[ERROR]: Failed WaitUntilClickable | Exception: invalid session id
[INFO]: Waiting "2" seconds
[INFO]: ClickByDriver ..
[INFO]: Not able to ClickByDriver | Exception: invalid session id
[INFO]: ClickByJavascript ..
[INFO]: Not able to ClickByJavascript | Exception: invalid session id
[ERROR]: Failed ClickByDriver and ClickByJavascript
[INFO]: Closing Browser 
[ERROR]: Not able to Close the Browser | Exception: invalid session id
[INFO]: End TestCase TS1
-------------------------
[INFO]: Start TestCase TS2
[INFO]: Opening Browser "Chrome"
[INFO]: Browser Chrome Opened
[INFO]: Navigating to URL "https://www.google.com/"
[INFO]: Clicking on Element "Home_name_btn_feelinglucky"
[INFO]: WaitUntilClickable ..
[ERROR]: Failed WaitUntilClickable | Exception: Timed out after 20 seconds
[INFO]: Waiting "2" seconds
[INFO]: ClickByDriver ..
[INFO]: Not able to ClickByDriver | Exception: element not interactable
  (Session info: chrome=133.0.6943.99)
[INFO]: ClickByJavascript ..
[INFO]: Typing "Auro" in Element "SearchDoodles_id_txt_searchbox"
[INFO]: WaitUntilClickable ..
[ERROR]: Failed WaitUntilClickable | Exception: Timed out after 20 seconds
[INFO]: Waiting "2" seconds
[INFO]: InputByDriver ..
[INFO]: Not able to InputByDriver | Exception: no such element: Unable to locate element: {"method":"css selector","selector":"#searchinput"}
  (Session info: chrome=133.0.6943.99); For documentation on this error, please visit: https://www.selenium.dev/documentation/webdriver/troubleshooting/errors#no-such-element-exception
[INFO]: InputByJavascript ..
[INFO]: Not able to InputByJavascript | Exception: no such element: Unable to locate element: {"method":"css selector","selector":"#searchinput"}
  (Session info: chrome=133.0.6943.99); For documentation on this error, please visit: https://www.selenium.dev/documentation/webdriver/troubleshooting/errors#no-such-element-exception
[ERROR]: Failed InputByDriver and InputByJavascript
[INFO]: Closing Browser 
[INFO]: Browser Closed
[INFO]: Clicking on Element "SearchDoodles_id_btn_doodlessearch"
[INFO]: WaitUntilClickable ..
[ERROR]: Failed WaitUntilClickable | Exception: invalid session id
[INFO]: Waiting "2" seconds
[INFO]: ClickByDriver ..
[INFO]: Not able to ClickByDriver | Exception: invalid session id
[INFO]: ClickByJavascript ..
[INFO]: Not able to ClickByJavascript | Exception: invalid session id
[ERROR]: Failed ClickByDriver and ClickByJavascript
[INFO]: Closing Browser 
[ERROR]: Not able to Close the Browser | Exception: invalid session id
[INFO]: End TestCase TS2
-------------------------
